<?xml version="1.0" encoding="UTF-8"?>
<testng-results skipped="0" failed="0" ignored="0" total="2" passed="2">
  <reporter-output>
  </reporter-output>
  <suite name="Default suite" duration-ms="32513" started-at="2021-09-01T18:48:05 IST" finished-at="2021-09-01T18:48:38 IST">
    <groups>
    </groups>
    <test name="Default test" duration-ms="32513" started-at="2021-09-01T18:48:05 IST" finished-at="2021-09-01T18:48:38 IST">
      <class name="Pompack.LoginTest">
        <test-method status="PASS" signature="login(java.lang.String, java.lang.String)[pri:0, instance:Pompack.LoginTest@394e1a0f]" name="login" duration-ms="16859" started-at="2021-09-01T18:48:05 IST" data-provider="Logindatas" finished-at="2021-09-01T18:48:22 IST">
          <params>
            <param index="0">
              <value>
                <![CDATA[anildas@yopmail.com]]>
              </value>
            </param>
            <param index="1">
              <value>
                <![CDATA[Anildas@0987]]>
              </value>
            </param>
          </params>
          <reporter-output>
          </reporter-output>
        </test-method> <!-- login -->
        <test-method status="PASS" signature="closebrowser()[pri:0, instance:Pompack.LoginTest@394e1a0f]" name="closebrowser" is-config="true" duration-ms="80" started-at="2021-09-01T18:48:22 IST" finished-at="2021-09-01T18:48:22 IST">
          <reporter-output>
          </reporter-output>
        </test-method> <!-- closebrowser -->
        <test-method status="PASS" signature="login(java.lang.String, java.lang.String)[pri:0, instance:Pompack.LoginTest@394e1a0f]" name="login" duration-ms="15477" started-at="2021-09-01T18:48:22 IST" data-provider="Logindatas" finished-at="2021-09-01T18:48:38 IST">
          <params>
            <param index="0">
              <value>
                <![CDATA[christo@yopmail.com]]>
              </value>
            </param>
            <param index="1">
              <value>
                <![CDATA[Christo@123]]>
              </value>
            </param>
          </params>
          <reporter-output>
          </reporter-output>
        </test-method> <!-- login -->
        <test-method status="PASS" signature="closebrowser()[pri:0, instance:Pompack.LoginTest@394e1a0f]" name="closebrowser" is-config="true" duration-ms="59" started-at="2021-09-01T18:48:38 IST" finished-at="2021-09-01T18:48:38 IST">
          <reporter-output>
          </reporter-output>
        </test-method> <!-- closebrowser -->
      </class> <!-- Pompack.LoginTest -->
    </test> <!-- Default test -->
  </suite> <!-- Default suite -->
</testng-results>
